<?xml version="1.0" encoding="UTF-8"?>
<!-- Generated by org.testng.reporters.JUnitXMLReporter -->
<testsuite ignored="0" hostname="bkher-C02DT1DSMD6N" failures="1" tests="1" name="Learning tests" time="11.966" errors="0" timestamp="10 Dec 2023 15:41:17 GMT">
  <testcase classname="testSelenium.learning.NaukariTest" name="NaukariPageTest" time="0.018">
    <failure type="java.lang.NullPointerException" message="Cannot invoke &amp;quot;commonPackage.Utility.testWithActionClass(String, org.openqa.selenium.WebElement)&amp;quot; because &amp;quot;this.utils&amp;quot; is null">
      <![CDATA[java.lang.NullPointerException: Cannot invoke "commonPackage.Utility.testWithActionClass(String, org.openqa.selenium.WebElement)" because "this.utils" is null
at Pages.NaukariPage.mouseHoverAndClick(NaukariPage.java:21)
at testSelenium.learning.NaukariTest.NaukariPageTest(NaukariTest.java:14)
at java.base/java.util.concurrent.ThreadPoolExecutor.runWorker(ThreadPoolExecutor.java:1144)
at java.base/java.util.concurrent.ThreadPoolExecutor$Worker.run(ThreadPoolExecutor.java:642)
at java.base/java.lang.Thread.run(Thread.java:1583)
... Removed 8 stack frames]]>
    </failure>
  </testcase> <!-- NaukariPageTest -->
</testsuite> <!-- Learning tests -->
